<?xml version="1.0" encoding="UTF-8"?>
<!-- Generated by org.testng.reporters.JUnitXMLReporter -->
<testsuite ignored="21" hostname="DESKTOP-E1C1HQG" failures="0" tests="2" name="Audits Test00" time="127.573" errors="0" timestamp="2023-10-03T18:37:44 IST">
  <testcase classname="com.medblaze.qualitymanagement.audits.tests.TestCasesExecution" name="LogintoApplication" time="4.241"/>
  <testcase classname="com.medblaze.qualitymanagement.audits.tests.TestCasesExecution" name="textFieldTestingtwo" time="113.533"/>
  <testcase classname="com.medblaze.qualitymanagement.audits.tests.TestCasesExecution" name="DownloadAuditlist" time="0.0">
    <ignored/>
  </testcase> <!-- DownloadAuditlist -->
  <testcase classname="com.medblaze.qualitymanagement.audits.tests.TestCasesExecution" name="textFieldtesting" time="0.0">
    <ignored/>
  </testcase> <!-- textFieldtesting -->
  <testcase classname="com.medblaze.qualitymanagement.audits.tests.TestCasesExecution" name="PerformnewAudit" time="0.0">
    <ignored/>
  </testcase> <!-- PerformnewAudit -->
  <testcase classname="com.medblaze.qualitymanagement.audits.tests.TestCasesExecution" name="ConfigureAuditTargets" time="0.0">
    <ignored/>
  </testcase> <!-- ConfigureAuditTargets -->
  <testcase classname="com.medblaze.qualitymanagement.audits.tests.TestCasesExecution" name="ConfigurenewAudit" time="0.0">
    <ignored/>
  </testcase> <!-- ConfigurenewAudit -->
  <testcase classname="com.medblaze.qualitymanagement.audits.tests.TestCasesExecution" name="EditAuditConfiguration" time="0.0">
    <ignored/>
  </testcase> <!-- EditAuditConfiguration -->
  <testcase classname="com.medblaze.qualitymanagement.audits.tests.TestCasesExecution" name="EditExistingAudit" time="0.0">
    <ignored/>
  </testcase> <!-- EditExistingAudit -->
  <testcase classname="com.medblaze.qualitymanagement.audits.tests.TestCasesExecution" name="UploadAuditusingTemplete" time="0.0">
    <ignored/>
  </testcase> <!-- UploadAuditusingTemplete -->
  <testcase classname="com.medblaze.qualitymanagement.audits.tests.TestCasesExecution" name="ArrangeColumnFields" time="0.0">
    <ignored/>
  </testcase> <!-- ArrangeColumnFields -->
  <testcase classname="com.medblaze.qualitymanagement.audits.tests.TestCasesExecution" name="noofAuditInchargeReviewPendingrecords" time="0.0">
    <ignored/>
  </testcase> <!-- noofAuditInchargeReviewPendingrecords -->
  <testcase classname="com.medblaze.qualitymanagement.audits.tests.TestCasesExecution" name="ApplyFilters" time="0.0">
    <ignored/>
  </testcase> <!-- ApplyFilters -->
  <testcase classname="com.medblaze.qualitymanagement.audits.tests.TestCasesExecution" name="ApplyColumnFilters" time="0.0">
    <ignored/>
  </testcase> <!-- ApplyColumnFilters -->
  <testcase classname="com.medblaze.qualitymanagement.audits.tests.TestCasesExecution" name="ApproveandRejectAuditbyBulkaction" time="0.0">
    <ignored/>
  </testcase> <!-- ApproveandRejectAuditbyBulkaction -->
  <testcase classname="com.medblaze.qualitymanagement.audits.tests.TestCasesExecution" name="DeleteAuditConfiguration" time="0.0">
    <ignored/>
  </testcase> <!-- DeleteAuditConfiguration -->
  <testcase classname="com.medblaze.qualitymanagement.audits.tests.TestCasesExecution" name="PerformAuditbyCopyPaste" time="0.0">
    <ignored/>
  </testcase> <!-- PerformAuditbyCopyPaste -->
  <testcase classname="com.medblaze.qualitymanagement.audits.tests.TestCasesExecution" name="CollapseandExpandFontsize" time="0.0">
    <ignored/>
  </testcase> <!-- CollapseandExpandFontsize -->
  <testcase classname="com.medblaze.qualitymanagement.audits.tests.TestCasesExecution" name="NavigationbetweenNextandPreviouspage" time="0.0">
    <ignored/>
  </testcase> <!-- NavigationbetweenNextandPreviouspage -->
  <testcase classname="com.medblaze.qualitymanagement.audits.tests.TestCasesExecution" name="ReopenClosedAudit" time="0.0">
    <ignored/>
  </testcase> <!-- ReopenClosedAudit -->
  <testcase classname="com.medblaze.qualitymanagement.audits.tests.TestCasesExecution" name="ApproveAudit" time="0.0">
    <ignored/>
  </testcase> <!-- ApproveAudit -->
  <testcase classname="com.medblaze.qualitymanagement.audits.tests.TestCasesExecution" name="SearchRecords" time="0.0">
    <ignored/>
  </testcase> <!-- SearchRecords -->
  <testcase classname="com.medblaze.qualitymanagement.audits.tests.TestCasesExecution" name="RejectExistingAudit" time="0.0">
    <ignored/>
  </testcase> <!-- RejectExistingAudit -->
</testsuite> <!-- Audits Test00 -->
